<?xml version="1.0" encoding="UTF-8"?>
<testng-results ignored="0" total="3" passed="2" failed="1" skipped="0">
  <reporter-output>
  </reporter-output>
  <suite started-at="2019-05-24T10:30:33Z" name="Suite" finished-at="2019-05-24T10:31:06Z" duration-ms="33146">
    <groups>
    </groups>
    <test started-at="2019-05-24T10:30:33Z" name="Test" finished-at="2019-05-24T10:31:06Z" duration-ms="33146">
      <class name="com.pageobject.practicePOM.RediffLoginTest">
        <test-method is-config="true" signature="beforeClass()[pri:0, instance:com.pageobject.practicePOM.RediffLoginTest@17f7cd29]" started-at="2019-05-24T10:30:33Z" name="beforeClass" finished-at="2019-05-24T10:30:49Z" duration-ms="16431" status="PASS">
          <reporter-output>
          </reporter-output>
        </test-method> <!-- beforeClass -->
        <test-method signature="a_openrediff()[pri:0, instance:com.pageobject.practicePOM.RediffLoginTest@17f7cd29]" started-at="2019-05-24T10:30:49Z" name="a_openrediff" finished-at="2019-05-24T10:31:03Z" duration-ms="13549" status="FAIL">
          <exception class="java.lang.AssertionError">
            <message>
              <![CDATA[Incorrect Title, visible title is: Rediff.com: News | Rediffmail | Stock Quotes | Shopping expected [true] but found [false]]]>
            </message>
            <full-stacktrace>
              <![CDATA[java.lang.AssertionError: Incorrect Title, visible title is: Rediff.com: News | Rediffmail | Stock Quotes | Shopping expected [true] but found [false]
at org.testng.Assert.fail(Assert.java:96)
at org.testng.Assert.failNotEquals(Assert.java:776)
at org.testng.Assert.assertTrue(Assert.java:44)
at com.pageobject.practicePOM.RediffLoginTest.a_openrediff(RediffLoginTest.java:24)
at java.base/jdk.internal.reflect.NativeMethodAccessorImpl.invoke0(Native Method)
at java.base/jdk.internal.reflect.NativeMethodAccessorImpl.invoke(NativeMethodAccessorImpl.java:62)
at java.base/jdk.internal.reflect.DelegatingMethodAccessorImpl.invoke(DelegatingMethodAccessorImpl.java:43)
at java.base/java.lang.reflect.Method.invoke(Method.java:566)
at org.testng.internal.MethodInvocationHelper.invokeMethod(MethodInvocationHelper.java:124)
at org.testng.internal.Invoker.invokeMethod(Invoker.java:580)
at org.testng.internal.Invoker.invokeTestMethod(Invoker.java:716)
at org.testng.internal.Invoker.invokeTestMethods(Invoker.java:988)
at org.testng.internal.TestMethodWorker.invokeTestMethods(TestMethodWorker.java:125)
at org.testng.internal.TestMethodWorker.run(TestMethodWorker.java:109)
at org.testng.TestRunner.privateRun(TestRunner.java:648)
at org.testng.TestRunner.run(TestRunner.java:505)
at org.testng.SuiteRunner.runTest(SuiteRunner.java:455)
at org.testng.SuiteRunner.runSequentially(SuiteRunner.java:450)
at org.testng.SuiteRunner.privateRun(SuiteRunner.java:415)
at org.testng.SuiteRunner.run(SuiteRunner.java:364)
at org.testng.SuiteRunnerWorker.runSuite(SuiteRunnerWorker.java:52)
at org.testng.SuiteRunnerWorker.run(SuiteRunnerWorker.java:84)
at org.testng.TestNG.runSuitesSequentially(TestNG.java:1208)
at org.testng.TestNG.runSuitesLocally(TestNG.java:1137)
at org.testng.TestNG.runSuites(TestNG.java:1049)
at org.testng.TestNG.run(TestNG.java:1017)
at org.testng.remote.AbstractRemoteTestNG.run(AbstractRemoteTestNG.java:115)
at org.testng.remote.RemoteTestNG.initAndRun(RemoteTestNG.java:251)
at org.testng.remote.RemoteTestNG.main(RemoteTestNG.java:77)
]]>
            </full-stacktrace>
          </exception> <!-- java.lang.AssertionError -->
          <reporter-output>
          </reporter-output>
        </test-method> <!-- a_openrediff -->
        <test-method signature="b_signinlink()[pri:0, instance:com.pageobject.practicePOM.RediffLoginTest@17f7cd29]" started-at="2019-05-24T10:31:03Z" name="b_signinlink" finished-at="2019-05-24T10:31:05Z" duration-ms="2184" status="PASS">
          <reporter-output>
          </reporter-output>
        </test-method> <!-- b_signinlink -->
        <test-method signature="c_login()[pri:0, instance:com.pageobject.practicePOM.RediffLoginTest@17f7cd29]" started-at="2019-05-24T10:31:05Z" name="c_login" finished-at="2019-05-24T10:31:06Z" duration-ms="865" status="PASS">
          <reporter-output>
          </reporter-output>
        </test-method> <!-- c_login -->
      </class> <!-- com.pageobject.practicePOM.RediffLoginTest -->
    </test> <!-- Test -->
  </suite> <!-- Suite -->
</testng-results>
